<?xml version="1.0" encoding="UTF-8" ?>
<testsuite tests="1" failures="0" name="com.github.sats17.tests.OrderTest" time="0" errors="0" skipped="0">
  <properties>
    <property name="java.runtime.name" value="OpenJDK Runtime Environment"/>
    <property name="java.vm.version" value="11.0.1+13"/>
    <property name="sun.boot.library.path" value="D:\Installed_Softwares\openjdk-11.0.1_windows-x64_bin\jdk-11.0.1\bin"/>
    <property name="maven.multiModuleProjectDirectory" value="D:/Study/Trainings/Projects/java-assignments/lambda-assignments"/>
    <property name="java.vm.vendor" value="Oracle Corporation"/>
    <property name="java.vendor.url" value="http://java.oracle.com/"/>
    <property name="guice.disable.misplaced.annotation.check" value="true"/>
    <property name="path.separator" value=";"/>
    <property name="java.vm.name" value="OpenJDK 64-Bit Server VM"/>
    <property name="sun.os.patch.level" value=""/>
    <property name="user.script" value=""/>
    <property name="user.country" value="US"/>
    <property name="sun.java.launcher" value="SUN_STANDARD"/>
    <property name="java.vm.specification.name" value="Java Virtual Machine Specification"/>
    <property name="user.dir" value="D:\Study\Trainings\Projects\java-assignments\lambda-assignments"/>
    <property name="java.vm.compressedOopsMode" value="32-bit"/>
    <property name="java.runtime.version" value="11.0.1+13"/>
    <property name="java.awt.graphicsenv" value="sun.awt.Win32GraphicsEnvironment"/>
    <property name="os.arch" value="amd64"/>
    <property name="java.io.tmpdir" value="C:\Users\Sats17\AppData\Local\Temp\"/>
    <property name="line.separator" value="
"/>
    <property name="java.vm.specification.vendor" value="Oracle Corporation"/>
    <property name="user.variant" value=""/>
    <property name="os.name" value="Windows 10"/>
    <property name="classworlds.conf" value="D:/Installed_Softwares/apache-maven-3.6.3-bin/apache-maven-3.6.3/bin/m2.conf"/>
    <property name="sun.jnu.encoding" value="Cp1252"/>
    <property name="java.library.path" value="D:\Installed_Softwares\openjdk-11.0.1_windows-x64_bin\jdk-11.0.1\bin;C:\Windows\Sun\Java\bin;C:\Windows\system32;C:\Windows;C:\Users\Sats17\bin;D:\Installed_Softwares\Git\mingw64\bin;D:\Installed_Softwares\Git\usr\local\bin;D:\Installed_Softwares\Git\usr\bin;D:\Installed_Softwares\Git\usr\bin;D:\Installed_Softwares\Git\mingw64\bin;D:\Installed_Softwares\Git\usr\bin;C:\Users\Sats17\bin;C:\Program Files\Common Files\Oracle\Java\javapath;D:\Installed_Softwares\Python_3\Scripts;D:\Installed_Softwares\Python_3;C:\Windows\system32;C:\Windows;C:\Windows\System32\Wbem;C:\Windows\System32\WindowsPowerShell\v1.0;C:\Windows\System32\OpenSSH;D:\Installed_Softwares\terraform_0.14.6_windows_amd64;D:\Installed_Softwares\openjdk-11.0.1_windows-x64_bin\jdk-11.0.1\bin;C:\Program Files\Docker\Docker\resources\bin;C:\ProgramData\DockerDesktop\version-bin;C:\Program Files\Amazon\AWSCLIV2;D:\Installed_Softwares\apache-maven-3.6.3-bin\apache-maven-3.6.3\bin;C:\Users\Sats17\AppData\Local\Microsoft\WindowsApps;D:\Installed_Softwares\PyCharm Community Edition 2020.2\bin;D:\Installed_Softwares\Python_3;D:\Installed_Softwares\Python_3\Scripts;C:\ffmpeg2\bin;D:\Installed_Softwares\Git\usr\bin\vendor_perl;D:\Installed_Softwares\Git\usr\bin\core_perl;."/>
    <property name="maven.conf" value="D:/Installed_Softwares/apache-maven-3.6.3-bin/apache-maven-3.6.3/conf"/>
    <property name="jdk.debug" value="release"/>
    <property name="java.class.version" value="55.0"/>
    <property name="java.specification.name" value="Java Platform API Specification"/>
    <property name="sun.management.compiler" value="HotSpot 64-Bit Tiered Compilers"/>
    <property name="os.version" value="10.0"/>
    <property name="library.jansi.path" value="D:/Installed_Softwares/apache-maven-3.6.3-bin/apache-maven-3.6.3/lib/jansi-native"/>
    <property name="user.home" value="C:\Users\Sats17"/>
    <property name="user.timezone" value="Asia/Calcutta"/>
    <property name="java.awt.printerjob" value="sun.awt.windows.WPrinterJob"/>
    <property name="file.encoding" value="Cp1252"/>
    <property name="java.specification.version" value="11"/>
    <property name="user.name" value="Sats17"/>
    <property name="java.class.path" value="D:/Installed_Softwares/apache-maven-3.6.3-bin/apache-maven-3.6.3/boot/plexus-classworlds-2.6.0.jar"/>
    <property name="java.vm.specification.version" value="11"/>
    <property name="sun.arch.data.model" value="64"/>
    <property name="sun.java.command" value="org.codehaus.plexus.classworlds.launcher.Launcher clean install"/>
    <property name="java.home" value="D:\Installed_Softwares\openjdk-11.0.1_windows-x64_bin\jdk-11.0.1"/>
    <property name="user.language" value="en"/>
    <property name="java.specification.vendor" value="Oracle Corporation"/>
    <property name="awt.toolkit" value="sun.awt.windows.WToolkit"/>
    <property name="java.vm.info" value="mixed mode"/>
    <property name="java.version" value="11.0.1"/>
    <property name="java.vendor" value="Oracle Corporation"/>
    <property name="maven.home" value="D:\Installed_Softwares\apache-maven-3.6.3-bin\apache-maven-3.6.3"/>
    <property name="file.separator" value="\"/>
    <property name="java.version.date" value="2018-10-16"/>
    <property name="java.vendor.url.bug" value="http://bugreport.java.com/bugreport/"/>
    <property name="sun.io.unicode.encoding" value="UnicodeLittle"/>
    <property name="sun.cpu.endian" value="little"/>
    <property name="java.vendor.version" value="18.9"/>
    <property name="sun.desktop" value="windows"/>
    <property name="sun.cpu.isalist" value="amd64"/>
  </properties>
  <testcase classname="com.github.sats17.tests.OrderTest" name="testWithValidInput" time="0"/>
</testsuite>